<?xml version="1.0" encoding="UTF-8"?>
<testng-results skipped="0" failed="0" total="1" passed="1">
  <reporter-output>
  </reporter-output>
  <suite name="Default suite" duration-ms="13139" started-at="2019-10-19T13:18:16Z" finished-at="2019-10-19T13:18:29Z">
    <groups>
      <group name="cucumber">
        <method signature="Runner.feature(cucumber.api.testng.CucumberFeatureWrapper)[pri:0, instance:runner.Runner@6442b0a6]" name="feature" class="runner.Runner"/>
      </group> <!-- cucumber -->
    </groups>
    <test name="Default test" duration-ms="13139" started-at="2019-10-19T13:18:16Z" finished-at="2019-10-19T13:18:29Z">
      <class name="runner.Runner">
        <test-method status="PASS" signature="setUpClass()[pri:0, instance:runner.Runner@6442b0a6]" name="setUpClass" is-config="true" duration-ms="392" started-at="2019-10-19T18:48:16Z" finished-at="2019-10-19T18:48:16Z">
          <reporter-output>
          </reporter-output>
        </test-method> <!-- setUpClass -->
        <test-method status="PASS" signature="feature(cucumber.api.testng.CucumberFeatureWrapper)[pri:0, instance:runner.Runner@6442b0a6]" name="feature" duration-ms="12406" started-at="2019-10-19T18:48:16Z" description="Runs Cucumber Feature" data-provider="features" finished-at="2019-10-19T18:48:29Z">
          <params>
            <param index="0">
              <value>
                <![CDATA[Get car offer from auto1.com]]>
              </value>
            </param>
          </params>
          <reporter-output>
          </reporter-output>
        </test-method> <!-- feature -->
        <test-method status="PASS" signature="tearDownClass()[pri:0, instance:runner.Runner@6442b0a6]" name="tearDownClass" is-config="true" duration-ms="230" started-at="2019-10-19T18:48:29Z" finished-at="2019-10-19T18:48:29Z">
          <reporter-output>
          </reporter-output>
        </test-method> <!-- tearDownClass -->
      </class> <!-- runner.Runner -->
    </test> <!-- Default test -->
  </suite> <!-- Default suite -->
</testng-results>
